{"/Users/gotit/Desktop/hung/study-code/vietnam-youtube-channel-code/easy-front-end/typescript/src/lectures/04-main.ts": {"path":"/Users/gotit/Desktop/hung/study-code/vietnam-youtube-channel-code/easy-front-end/typescript/src/lectures/04-main.ts","statementMap":{"0":{"start":{"line":2,"column":2},"end":{"line":2,"column":15}},"1":{"start":{"line":1,"column":0},"end":{"line":1,"column":16}}},"fnMap":{"0":{"name":"isPositive","decl":{"start":{"line":1,"column":16},"end":{"line":1,"column":26}},"loc":{"start":{"line":1,"column":36},"end":{"line":3,"column":1}}}},"branchMap":{},"s":{"0":2,"1":1},"f":{"0":2},"b":{}}
}
